<?xml version="1.0" encoding="UTF-8"?>
<testsuite xmlns:xsi="http://www.w3.org/2001/XMLSchema-instance" xsi:noNamespaceSchemaLocation="https://maven.apache.org/surefire/maven-surefire-plugin/xsd/surefire-test-report.xsd" name="org.gobca.prueba.AppTest" time="0.17" tests="5" errors="0" skipped="0" failures="0">
  <properties>
[...]
</properties>
  <testcase name="shouldAnswerWithTrue" classname="org.gobca.prueba.AppTest" time="0.007"/>
  <testcase name="pruebaDeSuma1Test" classname="org.gobca.prueba.AppTest" time="0.003"/>
  <testcase name="pruebaDeSuma2Test" classname="org.gobca.prueba.AppTest" time="0"/>
  <testcase name="pruebaDeSuma3Test" classname="org.gobca.prueba.AppTest" time="0"/>
  <testcase name="pruebaDeSumaTest" classname="org.gobca.prueba.AppTest" time="0"/>
</testsuite>